<?xml version="1.0" encoding="UTF-8"?>
<!-- Generated by org.testng.reporters.JUnitXMLReporter -->
<testsuite ignored="0" hostname="LAPTOP-DGN41TAQ" failures="0" tests="3" name="Default test" time="11.137" errors="0" timestamp="2021-10-26T21:28:13 IST">
  <testcase classname="restAssuredProject.TestCasesRestAssured" name="TC001_getAccessToken" time="3.07"/>
  <testcase classname="restAssuredProject.TestCasesRestAssured" name="TC002_adminLogin" time="4.373"/>
  <testcase classname="restAssuredProject.TestCasesRestAssured" name="TC003_AddNewCustomer" time="3.66"/>
</testsuite> <!-- Default test -->
